../../CD4/Alignments/H1-U.bed.gz 37609124 405686
../../CD4/Alignments/H1-PI.bed.gz 39231203 516150
../Alignments_3rdPrep/H2.2-U.bed.gz 38413904 526257
H2-PI.bed.gz 71055298 1403667
../Alignments_1stPrep/H3-U.bed.gz 20356701 323816
../Alignments_1stPrep/H3-PI.bed.gz 4774117 76383
../Alignments_1stPrep/C2-U.bed.gz 11613548 129142
../Alignments_1stPrep/C2-PI.bed.gz 3040431 48443
../Alignments_2ndPrep/C3-U.bed.gz 43260477 617247
../Alignments_2ndPrep/C3-PI.bed.gz 45337601 800292
../Alignments_3rdPrep/C4-U.bed.gz 43539929 477477
../Alignments_3rdPrep/C4-PI.bed.gz 35190892 412803
../Alignments_4thPrep/C5-U.bed.gz 48774781 1116960
../Alignments_4thPrep/C5-PI.bed.gz 53077639 1346217
../Alignments_1stPrep/M1-U.bed.gz 11395858 69947
../Alignments_1stPrep/M1-PI.bed.gz 127687 1281
../Alignments_2ndPrep/M2-U.bed.gz 55182902 443682
../Alignments_2ndPrep/M2-PI.bed.gz 47463894 475126
../Alignments_3rdPrep/M3-U.bed.gz 56399800 340758
../Alignments_3rdPrep/M3-PI.bed.gz 52358437 320439
